{
  "stats": {
    "suites": 1,
    "tests": 2,
    "passes": 2,
    "pending": 0,
    "failures": 0,
    "start": "2025-10-19T04:05:24.318Z",
    "end": "2025-10-19T04:05:24.625Z",
    "duration": 307,
    "testsRegistered": 2,
    "passPercent": 100,
    "pendingPercent": 0,
    "other": 0,
    "hasOther": false,
    "skipped": 0,
    "hasSkipped": false
  },
  "results": [
    {
      "uuid": "4dfd4680-46a6-4c52-b33b-f92f36234823",
      "title": "",
      "fullFile": "F:\\Balya\\Kerjaan\\Bootcamp\\Github\\API_Automate\\reqresAPI\\get_method\\listuser.js",
      "file": "\\reqresAPI\\get_method\\listuser.js",
      "beforeHooks": [],
      "afterHooks": [],
      "tests": [],
      "suites": [
        {
          "uuid": "5ed97fca-1e2f-4cb4-b53a-22f5f2e20af1",
          "title": "Metode Get",
          "fullFile": "F:\\Balya\\Kerjaan\\Bootcamp\\Github\\API_Automate\\reqresAPI\\get_method\\listuser.js",
          "file": "\\reqresAPI\\get_method\\listuser.js",
          "beforeHooks": [],
          "afterHooks": [],
          "tests": [
            {
              "title": "Get List User With Fetch",
              "fullTitle": "Metode Get Get List User With Fetch",
              "timedOut": false,
              "duration": 230,
              "state": "passed",
              "speed": "slow",
              "pass": true,
              "fail": false,
              "pending": false,
              "context": null,
              "code": "const response = await fetch(url+\"api/users?page=2\")\nconst data = await response.json()\nconsole.log(data)\nassert.strictEqual(response.status, 200)\nassert.strictEqual(data.data[1].id, 8)",
              "err": {},
              "uuid": "53ca535a-af0f-4f3c-a22f-f50ead60c63b",
              "parentUUID": "5ed97fca-1e2f-4cb4-b53a-22f5f2e20af1",
              "isHook": false,
              "skipped": false
            },
            {
              "title": "Get List User Chai",
              "fullTitle": "Metode Get Get List User Chai",
              "timedOut": false,
              "duration": 68,
              "state": "passed",
              "speed": "medium",
              "pass": true,
              "fail": false,
              "pending": false,
              "context": null,
              "code": "const response = await fetch(url+\"api/users?page=2\")\nconst data = await response.json()\n// console.log(data)\n// assert.typeOf(data.data[2].id, 'number')\nexpect(data.data[2].first_name).to.equal('Tobias')\nexpect(data.data[2].first_name).to.be.a('string')",
              "err": {},
              "uuid": "5b7029b4-0cc5-4c25-8e8e-1d7117239e2a",
              "parentUUID": "5ed97fca-1e2f-4cb4-b53a-22f5f2e20af1",
              "isHook": false,
              "skipped": false
            }
          ],
          "suites": [],
          "passes": [
            "53ca535a-af0f-4f3c-a22f-f50ead60c63b",
            "5b7029b4-0cc5-4c25-8e8e-1d7117239e2a"
          ],
          "failures": [],
          "pending": [],
          "skipped": [],
          "duration": 298,
          "root": false,
          "rootEmpty": false,
          "_timeout": 2000
        }
      ],
      "passes": [],
      "failures": [],
      "pending": [],
      "skipped": [],
      "duration": 0,
      "root": true,
      "rootEmpty": true,
      "_timeout": 2000
    }
  ],
  "meta": {
    "mocha": {
      "version": "11.7.4"
    },
    "mochawesome": {
      "options": {
        "quiet": false,
        "reportFilename": "mochawesome",
        "saveHtml": true,
        "saveJson": true,
        "consoleReporter": "spec",
        "useInlineDiffs": false,
        "code": true
      },
      "version": "7.1.4"
    },
    "marge": {
      "options": null,
      "version": "6.3.0"
    }
  }
}